
**** Build of configuration Debug for project RC_Ctrl ****

"D:\\ti\\ccs901\\ccs\\utils\\bin\\gmake" -k -j 8 all -O 
 
Building file: "../main.c"
Invoking: MSP430 Compiler
"D:/ti/ccs901/ccs/tools/compiler/ti-cgt-msp430_18.12.1.LTS/bin/cl430" -vmsp --use_hw_mpy=none --include_path="D:/ti/ccs901/ccs/ccs_base/msp430/include" --include_path="E:/Personal_Projects/Jumping_Robot/Phase_1/Software/CTRLER/RC_Ctrl" --include_path="D:/ti/ccs901/ccs/tools/compiler/ti-cgt-msp430_18.12.1.LTS/include" --advice:power=all --define=__MSP430G2553__ -g --printf_support=minimal --diag_warning=225 --diag_wrap=off --display_error_number --preproc_with_compile --preproc_dependency="main.d_raw"  "../main.c"
"../main.c", line 141: warning #112-D: statement is unreachable
"../main.c", line 77: remark #1527-D: (ULP 2.1) Detected SW delay loop using empty loop. Recommend using a timer module instead
"../main.c", line 97: remark #1527-D: (ULP 2.1) Detected SW delay loop using empty loop. Recommend using a timer module instead
"../main.c", line 103: remark #1527-D: (ULP 2.1) Detected SW delay loop using empty loop. Recommend using a timer module instead
"../main.c", line 109: remark #1527-D: (ULP 2.1) Detected SW delay loop using empty loop. Recommend using a timer module instead
"../main.c", line 126: remark #1527-D: (ULP 2.1) Detected SW delay loop using empty loop. Recommend using a timer module instead
"../main.c", line 132: remark #1527-D: (ULP 2.1) Detected SW delay loop using empty loop. Recommend using a timer module instead
"../main.c", line 153: remark #1530-D: (ULP 5.1) Detected divide operation(s). Recommend moving them to RAM during run time or not using as these are processing/power intensive
"../main.c", line 157: remark #1530-D: (ULP 5.1) Detected divide operation(s). Recommend moving them to RAM during run time or not using as these are processing/power intensive
"../main.c", line 161: remark #1530-D: (ULP 5.1) Detected divide operation(s). Recommend moving them to RAM during run time or not using as these are processing/power intensive
"../main.c", line 166: remark #1530-D: (ULP 5.1) Detected divide operation(s). Recommend moving them to RAM during run time or not using as these are processing/power intensive
"../main.c", line 189: remark #1530-D: (ULP 5.1) Detected divide operation(s). Recommend moving them to RAM during run time or not using as these are processing/power intensive
"../main.c", line 189: remark #1533-D: (ULP 6.1) Detected use of multiplication on a device that has no hardware multiplier
"../main.c", line 205: remark #1533-D: (ULP 6.1) Detected use of multiplication on a device that has no hardware multiplier
"../main.c", line 205: remark #1530-D: (ULP 5.1) Detected divide operation(s). Recommend moving them to RAM during run time or not using as these are processing/power intensive
"../main.c", line 221: remark #1528-D: (ULP 3.1) Detected flag polling using UCBUSY. Recommend using an interrupt combined with enter LPMx and ISR
"../main.c", line 243: remark #1528-D: (ULP 3.1) Detected flag polling using UCBUSY. Recommend using an interrupt combined with enter LPMx and ISR
"../main.c", line 189 (col. 77): remark #1531-D: (ULP 5.2) Detected floating point operation(s). Recommend moving them to RAM during run time or not using as these are processing/power intensive
"../main.c", line 190 (col. 26): remark #1531-D: (ULP 5.2) Detected floating point operation(s). Recommend moving them to RAM during run time or not using as these are processing/power intensive
"../main.c", line 205 (col. 20): remark #1531-D: (ULP 5.2) Detected floating point operation(s). Recommend moving them to RAM during run time or not using as these are processing/power intensive
"../main.c", line 206 (col. 17): remark #1531-D: (ULP 5.2) Detected floating point operation(s). Recommend moving them to RAM during run time or not using as these are processing/power intensive
Finished building: "../main.c"
 
Building target: "RC_Ctrl.out"
Invoking: MSP430 Linker
"D:/ti/ccs901/ccs/tools/compiler/ti-cgt-msp430_18.12.1.LTS/bin/cl430" -vmsp --use_hw_mpy=none --advice:power=all --define=__MSP430G2553__ -g --printf_support=minimal --diag_warning=225 --diag_wrap=off --display_error_number -z -m"RC_Ctrl.map" --heap_size=80 --stack_size=80 -i"D:/ti/ccs901/ccs/ccs_base/msp430/include" -i"D:/ti/ccs901/ccs/tools/compiler/ti-cgt-msp430_18.12.1.LTS/lib" -i"D:/ti/ccs901/ccs/tools/compiler/ti-cgt-msp430_18.12.1.LTS/include" --reread_libs --diag_wrap=off --display_error_number --warn_sections --xml_link_info="RC_Ctrl_linkInfo.xml" --use_hw_mpy=none --rom_model -o "RC_Ctrl.out" "./main.obj" "../lnk_msp430g2553.cmd"  -llibc.a 
<Linking>
remark #10372-D: (ULP 4.1) Detected uninitialized Port 3 in this project. Recommend initializing all unused ports to eliminate wasted current consumption on unused pins.
Finished building target: "RC_Ctrl.out"
 

**** Build Finished ****
